[13-Dec-2022 22:44:24 UTC] [error] Uncaught PHP Exception Symfony\Component\HttpKernel\Exception\NotFoundHttpException: "No route found for "GET /"" at /var/www/backend/vendor/symfony/http-kernel/EventListener/RouterListener.php line 136

[13-Dec-2022 22:44:39 UTC] [critical] Uncaught PHP Exception Doctrine\DBAL\Exception\TableNotFoundException: "An exception occurred while executing a query: SQLSTATE[42P01]: Undefined table: 7 ERROR:  relation "storage_type" does not exist
LINE 1: SELECT t0.id AS id_1, t0.name AS name_2 FROM storage_type t0
                                                     ^" at /var/www/backend/vendor/doctrine/dbal/src/Driver/API/PostgreSQL/ExceptionConverter.php line 71

[13-Dec-2022 22:53:28 UTC] [info] Matched route "app_api_model_getall".

[13-Dec-2022 22:53:28 UTC] [debug] Notified event "kernel.request" to listener "Symfony\Component\HttpKernel\EventListener\DebugHandlersListener::configure".

[13-Dec-2022 22:53:28 UTC] [debug] Notified event "kernel.request" to listener "Symfony\Component\HttpKernel\EventListener\ValidateRequestListener::onKernelRequest".

[13-Dec-2022 22:53:28 UTC] [debug] Notified event "kernel.request" to listener "Symfony\Component\HttpKernel\EventListener\SessionListener::onKernelRequest".

[13-Dec-2022 22:53:28 UTC] [debug] Notified event "kernel.request" to listener "Symfony\Component\HttpKernel\EventListener\LocaleListener::setDefaultLocale".

[13-Dec-2022 22:53:28 UTC] [debug] Notified event "kernel.request" to listener "Symfony\Component\HttpKernel\EventListener\RouterListener::onKernelRequest".

[13-Dec-2022 22:53:28 UTC] [debug] Notified event "kernel.request" to listener "Symfony\Component\HttpKernel\EventListener\LocaleListener::onKernelRequest".

[13-Dec-2022 22:53:28 UTC] [debug] Notified event "kernel.request" to listener "Symfony\Component\HttpKernel\EventListener\LocaleAwareListener::onKernelRequest".

[13-Dec-2022 22:53:29 UTC] [debug] Notified event "kernel.controller_arguments" to listener "Symfony\Component\HttpKernel\EventListener\ErrorListener::onControllerArguments".

[13-Dec-2022 22:53:29 UTC] [critical] Uncaught PHP Exception Doctrine\DBAL\Exception\TableNotFoundException: "An exception occurred while executing a query: SQLSTATE[42P01]: Undefined table: 7 ERROR:  relation "storage_type" does not exist
LINE 1: SELECT t0.id AS id_1, t0.name AS name_2 FROM storage_type t0
                                                     ^" at /var/www/backend/vendor/doctrine/dbal/src/Driver/API/PostgreSQL/ExceptionConverter.php line 71

[13-Dec-2022 22:53:29 UTC] [debug] Notified event "kernel.request" to listener "Symfony\Component\HttpKernel\EventListener\DebugHandlersListener::configure".

[13-Dec-2022 22:53:29 UTC] [debug] Notified event "kernel.request" to listener "Symfony\Component\HttpKernel\EventListener\ValidateRequestListener::onKernelRequest".

[13-Dec-2022 22:53:29 UTC] [debug] Notified event "kernel.request" to listener "Symfony\Component\HttpKernel\EventListener\SessionListener::onKernelRequest".

[13-Dec-2022 22:53:29 UTC] [debug] Notified event "kernel.request" to listener "Symfony\Component\HttpKernel\EventListener\LocaleListener::setDefaultLocale".

[13-Dec-2022 22:53:29 UTC] [debug] Notified event "kernel.request" to listener "Symfony\Component\HttpKernel\EventListener\RouterListener::onKernelRequest".

[13-Dec-2022 22:53:29 UTC] [debug] Notified event "kernel.request" to listener "Symfony\Component\HttpKernel\EventListener\LocaleListener::onKernelRequest".

[13-Dec-2022 22:53:29 UTC] [debug] Notified event "kernel.request" to listener "Symfony\Component\HttpKernel\EventListener\LocaleAwareListener::onKernelRequest".

[13-Dec-2022 22:53:29 UTC] [debug] Notified event "kernel.controller_arguments" to listener "Symfony\Component\HttpKernel\EventListener\ErrorListener::onControllerArguments".

[13-Dec-2022 22:53:30 UTC] [debug] Notified event "kernel.response" to listener "Symfony\Component\HttpKernel\EventListener\ResponseListener::onKernelResponse".

[13-Dec-2022 22:53:30 UTC] [debug] Notified event "kernel.response" to listener "Symfony\Component\HttpKernel\EventListener\ErrorListener::removeCspHeader".

[13-Dec-2022 22:53:30 UTC] [debug] Notified event "kernel.response" to listener "Symfony\Component\HttpKernel\EventListener\DisallowRobotsIndexingListener::onResponse".

[13-Dec-2022 22:53:30 UTC] [debug] Notified event "kernel.response" to listener "Symfony\Component\HttpKernel\EventListener\SessionListener::onKernelResponse".

[13-Dec-2022 22:53:30 UTC] [debug] Notified event "kernel.response" to listener "Symfony\Component\HttpKernel\EventListener\StreamedResponseListener::onKernelResponse".

[13-Dec-2022 22:53:30 UTC] [debug] Notified event "kernel.finish_request" to listener "Symfony\Component\HttpKernel\EventListener\LocaleListener::onKernelFinishRequest".

[13-Dec-2022 22:53:30 UTC] [debug] Notified event "kernel.finish_request" to listener "Symfony\Component\HttpKernel\EventListener\SessionListener::onFinishRequest".

[13-Dec-2022 22:53:30 UTC] [debug] Notified event "kernel.finish_request" to listener "Symfony\Component\HttpKernel\EventListener\RouterListener::onKernelFinishRequest".

[13-Dec-2022 22:53:30 UTC] [debug] Notified event "kernel.finish_request" to listener "Symfony\Component\HttpKernel\EventListener\LocaleAwareListener::onKernelFinishRequest".

[13-Dec-2022 22:53:30 UTC] [debug] Notified event "kernel.exception" to listener "Symfony\Component\HttpKernel\EventListener\ErrorListener::logKernelException".

[13-Dec-2022 22:53:30 UTC] [debug] Notified event "kernel.exception" to listener "Symfony\Component\HttpKernel\EventListener\RouterListener::onKernelException".

[13-Dec-2022 22:53:30 UTC] [debug] Notified event "kernel.exception" to listener "Symfony\Component\HttpKernel\EventListener\ErrorListener::onKernelException".

[13-Dec-2022 22:53:30 UTC] [debug] Listener "Symfony\Component\HttpKernel\EventListener\ErrorListener::onKernelException" stopped propagation of the event "kernel.exception".

[13-Dec-2022 22:53:30 UTC] [debug] Notified event "kernel.response" to listener "Symfony\Component\HttpKernel\EventListener\ResponseListener::onKernelResponse".

[13-Dec-2022 22:53:30 UTC] [debug] Notified event "kernel.response" to listener "Symfony\Component\HttpKernel\EventListener\ErrorListener::removeCspHeader".

[13-Dec-2022 22:53:30 UTC] [debug] Notified event "kernel.response" to listener "Symfony\Component\HttpKernel\EventListener\DisallowRobotsIndexingListener::onResponse".

[13-Dec-2022 22:53:30 UTC] [debug] Notified event "kernel.response" to listener "Symfony\Component\HttpKernel\EventListener\SessionListener::onKernelResponse".

[13-Dec-2022 22:53:30 UTC] [debug] Notified event "kernel.response" to listener "Symfony\Component\HttpKernel\EventListener\StreamedResponseListener::onKernelResponse".

[13-Dec-2022 22:53:30 UTC] [debug] Notified event "kernel.finish_request" to listener "Symfony\Component\HttpKernel\EventListener\LocaleListener::onKernelFinishRequest".

[13-Dec-2022 22:53:30 UTC] [debug] Notified event "kernel.finish_request" to listener "Symfony\Component\HttpKernel\EventListener\SessionListener::onFinishRequest".

[13-Dec-2022 22:53:30 UTC] [debug] Notified event "kernel.finish_request" to listener "Symfony\Component\HttpKernel\EventListener\RouterListener::onKernelFinishRequest".

[13-Dec-2022 22:53:30 UTC] [debug] Notified event "kernel.finish_request" to listener "Symfony\Component\HttpKernel\EventListener\LocaleAwareListener::onKernelFinishRequest".

[13-Dec-2022 22:53:30 UTC] 2022-12-13T22:53:30+00:00 [info] User Deprecated: The "Symfony\Bridge\Doctrine\Logger\DbalLogger" class implements "Doctrine\DBAL\Logging\SQLLogger" that is deprecated Use {@see \Doctrine\DBAL\Logging\Middleware} or implement {@see \Doctrine\DBAL\Driver\Middleware} instead.
